<?xml version="1.0" encoding="UTF-8"?>
<testsuite xmlns:xsi="http://www.w3.org/2001/XMLSchema-instance" xsi:noNamespaceSchemaLocation="https://maven.apache.org/surefire/maven-surefire-plugin/xsd/surefire-test-report-3.0.xsd" version="3.0" name="com.simulator.metawhatsapp.service.CallbackUrlResolverTest" time="0.238" tests="10" errors="0" skipped="0" failures="0">
  <properties>
[...]
</properties>
  <testcase name="testResolveFromExplicitCallbackUrlHeader" classname="com.simulator.metawhatsapp.service.CallbackUrlResolverTest" time="0.164"/>
  <testcase name="testResolveFromHostHeader" classname="com.simulator.metawhatsapp.service.CallbackUrlResolverTest" time="0.011"/>
  <testcase name="testResolveFromOriginHeader" classname="com.simulator.metawhatsapp.service.CallbackUrlResolverTest" time="0.0"/>
  <testcase name="testFallbackToDefaultConfig" classname="com.simulator.metawhatsapp.service.CallbackUrlResolverTest" time="0.0"/>
  <testcase name="testResolveFromTenantDomainHeader_WithCom" classname="com.simulator.metawhatsapp.service.CallbackUrlResolverTest" time="0.011"/>
  <testcase name="testResolveFromTenantDomainHeader_WithoutCom" classname="com.simulator.metawhatsapp.service.CallbackUrlResolverTest" time="0.0"/>
  <testcase name="testResolveFromLocalhostSubdomain" classname="com.simulator.metawhatsapp.service.CallbackUrlResolverTest" time="0.002"/>
  <testcase name="testResolveFromPathTenantDomain" classname="com.simulator.metawhatsapp.service.CallbackUrlResolverTest" time="0.0"/>
  <testcase name="testResolveFromRefererHeader" classname="com.simulator.metawhatsapp.service.CallbackUrlResolverTest" time="0.0"/>
  <testcase name="testResolveFromSeparateTenantAndInstanceHeaders" classname="com.simulator.metawhatsapp.service.CallbackUrlResolverTest" time="0.001"/>
</testsuite>